#
# There is insufficient memory for the Java Runtime Environment to continue.
# Native memory allocation (malloc) failed to allocate 1048576 bytes for AllocateHeap
# Possible reasons:
#   The system is out of physical RAM or swap space
#   In 32 bit mode, the process size limit was hit
# Possible solutions:
#   Reduce memory load on the system
#   Increase physical memory or swap space
#   Check if swap backing store is full
#   Use 64 bit Java on a 64 bit OS
#   Decrease Java heap size (-Xmx/-Xms)
#   Decrease number of Java threads
#   Decrease Java thread stack sizes (-Xss)
#   Set larger code cache with -XX:ReservedCodeCacheSize=
# This output file may be truncated or incomplete.
#
#  Out of Memory Error (allocation.inline.hpp:60), pid=29103, tid=140737353983744
#
# JRE version: 6.0_34-b34
# Java VM: OpenJDK 64-Bit Server VM (23.25-b01 mixed mode linux-amd64 compressed oops)
# Derivative: IcedTea6 1.13.6
# Distribution: Ubuntu 12.04 LTS, package 6b34-1.13.6-1ubuntu0.12.04.1
# Failed to write core dump. Core dumps have been disabled. To enable core dumping, try "ulimit -c unlimited" before starting Java again
#

---------------  T H R E A D  ---------------

Current thread (0x00007ffff003a800):  JavaThread "Unknown thread" [_thread_in_vm, id=29105, stack(0x00007ffff7eda000,0x00007ffff7fdb000)]

Stack: [0x00007ffff7eda000,0x00007ffff7fdb000],  sp=0x00007ffff7fd9970,  free space=1022k
Native frames: (J=compiled Java code, j=interpreted, Vv=VM code, C=native code)
V  [libjvm.so+0x83e629]  VMError::report_and_die()+0x169
V  [libjvm.so+0x3e66b0]  report_vm_out_of_memory(char const*, int, unsigned long, char const*)+0x70
V  [libjvm.so+0x73001f]  ParCompactionManager::ParCompactionManager()+0x20f
V  [libjvm.so+0x7306cc]  ParCompactionManager::initialize(ParMarkBitMap*)+0x31c
V  [libjvm.so+0x738c53]  PSParallelCompact::post_initialize()+0xc3
V  [libjvm.so+0x6ff9e5]  ParallelScavengeHeap::post_initialize()+0x25
V  [libjvm.so+0x818e02]  universe_post_init()+0x912
V  [libjvm.so+0x4d025f]  init_globals()+0xcf
V  [libjvm.so+0x80004c]  Threads::create_vm(JavaVMInitArgs*, bool*)+0x39c
V  [libjvm.so+0x539fca]  JNI_CreateJavaVM+0x5a
C  [java+0x355e]  JavaMain+0x7e


---------------  P R O C E S S  ---------------

Java Threads: ( => current thread )

Other Threads:

=>0x00007ffff003a800 (exited) JavaThread "Unknown thread" [_thread_in_vm, id=29105, stack(0x00007ffff7eda000,0x00007ffff7fdb000)]

VM state:not at safepoint (normal execution)

VM Mutex/Monitor currently owned by a thread: None

Heap
 PSYoungGen      total 603008K, used 10338K [0x0000000583760000, 0x00000005ad850000, 0x0000000800000000)
  eden space 516928K, 2% used [0x0000000583760000,0x0000000584178a88,0x00000005a3030000)
  from space 86080K, 0% used [0x00000005a8440000,0x00000005a8440000,0x00000005ad850000)
  to   space 86080K, 0% used [0x00000005a3030000,0x00000005a3030000,0x00000005a8440000)
 ParOldGen       total 1378176K, used 0K [0x000000008a600000, 0x00000000de7e0000, 0x0000000583760000)
  object space 1378176K, 0% used [0x000000008a600000,0x000000008a600000,0x00000000de7e0000)
 PSPermGen       total 21248K, used 611K [0x0000000080000000, 0x00000000814c0000, 0x000000008a600000)
  object space 21248K, 2% used [0x0000000080000000,0x0000000080098e20,0x00000000814c0000)

Card table byte_map: [0x00007fffe6362000,0x00007fffe9f63000] byte_map_base: 0x00007fffe5f62000

Polling page: 0x00007ffff7ff8000

Code Cache  [0x00007fffe9f63000, 0x00007fffea1d3000, 0x00007fffecf63000)
 total_blobs=34 nmethods=0 adapters=17 free_code_cache=48891Kb largest_free_block=50064512

Compilation events (0 events):
No events

GC Heap History (0 events):
No events

Deoptimization events (0 events):
No events

Internal exceptions (0 events):
No events

Events (10 events):
Event: 0.041 loading class 0x00007ffff0070f80
Event: 0.041 loading class 0x00007ffff0070f80 done
Event: 0.041 loading class 0x00007ffff0070fe0
Event: 0.042 loading class 0x00007ffff0070fe0 done
Event: 0.042 loading class 0x00007ffff0071050
Event: 0.042 loading class 0x00007ffff0071050 done
Event: 0.042 loading class 0x00007ffff0071f80
Event: 0.043 loading class 0x00007ffff0071f80 done
Event: 0.043 loading class 0x00007ffff0071ab0
Event: 0.043 loading class 0x00007ffff0071ab0 done


Dynamic libraries:
00400000-00409000 r-xp 00000000 fc:02 1139938                            /usr/lib/jvm/java-6-openjdk-amd64/jre/bin/java
00608000-00609000 r--p 00008000 fc:02 1139938                            /usr/lib/jvm/java-6-openjdk-amd64/jre/bin/java
00609000-0060a000 rw-p 00009000 fc:02 1139938                            /usr/lib/jvm/java-6-openjdk-amd64/jre/bin/java
0060a000-0062b000 rw-p 00000000 00:00 0                                  [heap]
80000000-800000000 rw-p 00000000 00:00 0 
7fff0730b000-7fff08e40000 rw-p 00000000 00:00 0 
7fff08e40000-7fff08fd8000 r--s 01a24000 fc:02 1141766                    /usr/lib/jvm/java-6-openjdk-amd64/jre/lib/rt.jar
7fff08fd8000-7fff54021000 rw-p 00000000 00:00 0 
7fff54021000-7fff58000000 ---p 00000000 00:00 0 
7fff5bd1b000-7fff5bdde000 rw-p 00000000 00:00 0 
7fff5c000000-7fff5c021000 rw-p 00000000 00:00 0 
7fff5c021000-7fff60000000 ---p 00000000 00:00 0 
7fff64000000-7fff64021000 rw-p 00000000 00:00 0 
7fff64021000-7fff68000000 ---p 00000000 00:00 0 
7fff6c000000-7fff6c021000 rw-p 00000000 00:00 0 
7fff6c021000-7fff70000000 ---p 00000000 00:00 0 
7fff74000000-7fff74021000 rw-p 00000000 00:00 0 
7fff74021000-7fff78000000 ---p 00000000 00:00 0 
7fff7c000000-7fff7c021000 rw-p 00000000 00:00 0 
7fff7c021000-7fff80000000 ---p 00000000 00:00 0 
7fff84000000-7fff84021000 rw-p 00000000 00:00 0 
7fff84021000-7fff88000000 ---p 00000000 00:00 0 
7fff8c000000-7fff8c021000 rw-p 00000000 00:00 0 
7fff8c021000-7fff90000000 ---p 00000000 00:00 0 
7fff94000000-7fff94021000 rw-p 00000000 00:00 0 
7fff94021000-7fff98000000 ---p 00000000 00:00 0 
7fff9c000000-7fff9c021000 rw-p 00000000 00:00 0 
7fff9c021000-7fffa0000000 ---p 00000000 00:00 0 
7fffa4000000-7fffa4021000 rw-p 00000000 00:00 0 
7fffa4021000-7fffa8000000 ---p 00000000 00:00 0 
7fffac000000-7fffac021000 rw-p 00000000 00:00 0 
7fffac021000-7fffb0000000 ---p 00000000 00:00 0 
7fffb4000000-7fffb4021000 rw-p 00000000 00:00 0 
7fffb4021000-7fffb8000000 ---p 00000000 00:00 0 
7fffbc000000-7fffbc021000 rw-p 00000000 00:00 0 
7fffbc021000-7fffc0000000 ---p 00000000 00:00 0 
7fffc4000000-7fffc4021000 rw-p 00000000 00:00 0 
7fffc4021000-7fffc8000000 ---p 00000000 00:00 0 
7fffcc000000-7fffcc021000 rw-p 00000000 00:00 0 
7fffcc021000-7fffd0000000 ---p 00000000 00:00 0 
7fffd4000000-7fffd4021000 rw-p 00000000 00:00 0 
7fffd4021000-7fffd8000000 ---p 00000000 00:00 0 
7fffdc000000-7fffdc021000 rw-p 00000000 00:00 0 
7fffdc021000-7fffe0000000 ---p 00000000 00:00 0 
7fffe2934000-7fffe2935000 ---p 00000000 00:00 0 
7fffe2935000-7fffe2a35000 rw-p 00000000 00:00 0                          [stack:29123]
7fffe2a35000-7fffe2a36000 ---p 00000000 00:00 0 
7fffe2a36000-7fffe2b36000 rw-p 00000000 00:00 0                          [stack:29122]
7fffe2b36000-7fffe2b37000 ---p 00000000 00:00 0 
7fffe2b37000-7fffe2c37000 rw-p 00000000 00:00 0                          [stack:29121]
7fffe2c37000-7fffe2c38000 ---p 00000000 00:00 0 
7fffe2c38000-7fffe2d38000 rw-p 00000000 00:00 0                          [stack:29120]
7fffe2d38000-7fffe2d39000 ---p 00000000 00:00 0 
7fffe2d39000-7fffe2e39000 rw-p 00000000 00:00 0                          [stack:29119]
7fffe2e39000-7fffe2e3a000 ---p 00000000 00:00 0 
7fffe2e3a000-7fffe2f3a000 rw-p 00000000 00:00 0                          [stack:29118]
7fffe2f3a000-7fffe2f3b000 ---p 00000000 00:00 0 
7fffe2f3b000-7fffe303b000 rw-p 00000000 00:00 0                          [stack:29117]
7fffe303b000-7fffe303c000 ---p 00000000 00:00 0 
7fffe303c000-7fffe313c000 rw-p 00000000 00:00 0                          [stack:29116]
7fffe313c000-7fffe313d000 ---p 00000000 00:00 0 
7fffe313d000-7fffe323d000 rw-p 00000000 00:00 0                          [stack:29115]
7fffe323d000-7fffe323e000 ---p 00000000 00:00 0 
7fffe323e000-7fffe333e000 rw-p 00000000 00:00 0                          [stack:29114]
7fffe333e000-7fffe333f000 ---p 00000000 00:00 0 
7fffe333f000-7fffe343f000 rw-p 00000000 00:00 0                          [stack:29113]
7fffe343f000-7fffe3440000 ---p 00000000 00:00 0 
7fffe3440000-7fffe3540000 rw-p 00000000 00:00 0                          [stack:29112]
7fffe3540000-7fffe3541000 ---p 00000000 00:00 0 
7fffe3541000-7fffe3641000 rw-p 00000000 00:00 0                          [stack:29111]
7fffe3641000-7fffe3642000 ---p 00000000 00:00 0 
7fffe3642000-7fffe3742000 rw-p 00000000 00:00 0                          [stack:29110]
7fffe3742000-7fffe3743000 ---p 00000000 00:00 0 
7fffe3743000-7fffe3843000 rw-p 00000000 00:00 0                          [stack:29109]
7fffe3843000-7fffe3844000 ---p 00000000 00:00 0 
7fffe3844000-7fffe3944000 rw-p 00000000 00:00 0                          [stack:29108]
7fffe3944000-7fffe3945000 ---p 00000000 00:00 0 
7fffe3945000-7fffe3a45000 rw-p 00000000 00:00 0                          [stack:29107]
7fffe3a45000-7fffe3a46000 ---p 00000000 00:00 0 
7fffe3a46000-7fffe9f63000 rw-p 00000000 00:00 0                          [stack:29106]
7fffe9f63000-7fffea1d3000 rwxp 00000000 00:00 0 
7fffea1d3000-7fffecf63000 rw-p 00000000 00:00 0 
7fffecf63000-7fffecf6a000 r-xp 00000000 fc:02 1141689                    /usr/lib/jvm/java-6-openjdk-amd64/jre/lib/amd64/libzip.so
7fffecf6a000-7fffed169000 ---p 00007000 fc:02 1141689                    /usr/lib/jvm/java-6-openjdk-amd64/jre/lib/amd64/libzip.so
7fffed169000-7fffed16a000 r--p 00006000 fc:02 1141689                    /usr/lib/jvm/java-6-openjdk-amd64/jre/lib/amd64/libzip.so
7fffed16a000-7fffed16b000 rw-p 00007000 fc:02 1141689                    /usr/lib/jvm/java-6-openjdk-amd64/jre/lib/amd64/libzip.so
7fffed16b000-7fffed172000 r-xp 00000000 fc:02 304320                     /lib/x86_64-linux-gnu/libnss_dns-2.15.so
7fffed172000-7fffed371000 ---p 00007000 fc:02 304320                     /lib/x86_64-linux-gnu/libnss_dns-2.15.so
7fffed371000-7fffed372000 r--p 00006000 fc:02 304320                     /lib/x86_64-linux-gnu/libnss_dns-2.15.so
7fffed372000-7fffed373000 rw-p 00007000 fc:02 304320                     /lib/x86_64-linux-gnu/libnss_dns-2.15.so
7fffed373000-7fffed37f000 r-xp 00000000 fc:02 304326                     /lib/x86_64-linux-gnu/libnss_files-2.15.so
7fffed37f000-7fffed57e000 ---p 0000c000 fc:02 304326                     /lib/x86_64-linux-gnu/libnss_files-2.15.so
7fffed57e000-7fffed57f000 r--p 0000b000 fc:02 304326                     /lib/x86_64-linux-gnu/libnss_files-2.15.so
7fffed57f000-7fffed580000 rw-p 0000c000 fc:02 304326                     /lib/x86_64-linux-gnu/libnss_files-2.15.so
7fffed580000-7fffed589000 r-xp 00000000 fc:02 303961                     /lib/x86_64-linux-gnu/libcrypt-2.15.so
7fffed589000-7fffed789000 ---p 00009000 fc:02 303961                     /lib/x86_64-linux-gnu/libcrypt-2.15.so
7fffed789000-7fffed78a000 r--p 00009000 fc:02 303961                     /lib/x86_64-linux-gnu/libcrypt-2.15.so
7fffed78a000-7fffed78b000 rw-p 0000a000 fc:02 303961                     /lib/x86_64-linux-gnu/libcrypt-2.15.so
7fffed78b000-7fffed7b9000 rw-p 00000000 00:00 0 
7fffed7b9000-7fffed857000 r-xp 00000000 fc:02 1212493                    /usr/lib/x86_64-linux-gnu/libsqlite3.so.0.8.6
7fffed857000-7fffeda57000 ---p 0009e000 fc:02 1212493                    /usr/lib/x86_64-linux-gnu/libsqlite3.so.0.8.6
7fffeda57000-7fffeda59000 r--p 0009e000 fc:02 1212493                    /usr/lib/x86_64-linux-gnu/libsqlite3.so.0.8.6
7fffeda59000-7fffeda5b000 rw-p 000a0000 fc:02 1212493                    /usr/lib/x86_64-linux-gnu/libsqlite3.so.0.8.6
7fffeda5b000-7fffeda5c000 rw-p 00000000 00:00 0 
7fffeda5c000-7fffedaa1000 r-xp 00000000 fc:02 1212583                    /usr/lib/x86_64-linux-gnu/libhx509.so.5.0.0
7fffedaa1000-7fffedca1000 ---p 00045000 fc:02 1212583                    /usr/lib/x86_64-linux-gnu/libhx509.so.5.0.0
7fffedca1000-7fffedca3000 r--p 00045000 fc:02 1212583                    /usr/lib/x86_64-linux-gnu/libhx509.so.5.0.0
7fffedca3000-7fffedca5000 rw-p 00047000 fc:02 1212583                    /usr/lib/x86_64-linux-gnu/libhx509.so.5.0.0
7fffedca5000-7fffedca6000 rw-p 00000000 00:00 0 
7fffedca6000-7fffedcb4000 r-xp 00000000 fc:02 1212579                    /usr/lib/x86_64-linux-gnu/libheimbase.so.1.0.0
7fffedcb4000-7fffedeb3000 ---p 0000e000 fc:02 1212579                    /usr/lib/x86_64-linux-gnu/libheimbase.so.1.0.0
7fffedeb3000-7fffedeb4000 r--p 0000d000 fc:02 1212579                    /usr/lib/x86_64-linux-gnu/libheimbase.so.1.0.0
7fffedeb4000-7fffedeb5000 rw-p 0000e000 fc:02 1212579                    /usr/lib/x86_64-linux-gnu/libheimbase.so.1.0.0
7fffedeb5000-7fffededd000 r-xp 00000000 fc:02 1212581                    /usr/lib/x86_64-linux-gnu/libwind.so.0.0.0
7fffededd000-7fffee0dc000 ---p 00028000 fc:02 1212581                    /usr/lib/x86_64-linux-gnu/libwind.so.0.0.0
7fffee0dc000-7fffee0dd000 r--p 00027000 fc:02 1212581                    /usr/lib/x86_64-linux-gnu/libwind.so.0.0.0
7fffee0dd000-7fffee0de000 rw-p 00028000 fc:02 1212581                    /usr/lib/x86_64-linux-gnu/libwind.so.0.0.0
7fffee0de000-7fffee0e1000 r-xp 00000000 fc:02 303398                     /lib/x86_64-linux-gnu/libkeyutils.so.1.4
7fffee0e1000-7fffee2e0000 ---p 00003000 fc:02 303398                     /lib/x86_64-linux-gnu/libkeyutils.so.1.4
7fffee2e0000-7fffee2e1000 r--p 00002000 fc:02 303398                     /lib/x86_64-linux-gnu/libkeyutils.so.1.4
7fffee2e1000-7fffee2e2000 rw-p 00003000 fc:02 303398                     /lib/x86_64-linux-gnu/libkeyutils.so.1.4
7fffee2e2000-7fffee2e5000 r-xp 00000000 fc:02 303363                     /lib/x86_64-linux-gnu/libgpg-error.so.0.8.0
7fffee2e5000-7fffee4e4000 ---p 00003000 fc:02 303363                     /lib/x86_64-linux-gnu/libgpg-error.so.0.8.0
7fffee4e4000-7fffee4e5000 r--p 00002000 fc:02 303363                     /lib/x86_64-linux-gnu/libgpg-error.so.0.8.0
7fffee4e5000-7fffee4e6000 rw-p 00003000 fc:02 303363                     /lib/x86_64-linux-gnu/libgpg-error.so.0.8.0
7fffee4e6000-7fffee4f7000 r-xp 00000000 fc:02 1212488                    /usr/lib/x86_64-linux-gnu/libp11-kit.so.0.0.0
7fffee4f7000-7fffee6f6000 ---p 00011000 fc:02 1212488                    /usr/lib/x86_64-linux-gnu/libp11-kit.so.0.0.0
7fffee6f6000-7fffee6f7000 r--p 00010000 fc:02 1212488                    /usr/lib/x86_64-linux-gnu/libp11-kit.so.0.0.0
7fffee6f7000-7fffee6f8000 rw-p 00011000 fc:02 1212488                    /usr/lib/x86_64-linux-gnu/libp11-kit.so.0.0.0
7fffee6f8000-7fffee708000 r-xp 00000000 fc:02 1214690                    /usr/lib/x86_64-linux-gnu/libtasn1.so.3.1.12
7fffee708000-7fffee907000 ---p 00010000 fc:02 1214690                    /usr/lib/x86_64-linux-gnu/libtasn1.so.3.1.12
7fffee907000-7fffee908000 r--p 0000f000 fc:02 1214690                    /usr/lib/x86_64-linux-gnu/libtasn1.so.3.1.12
7fffee908000-7fffee909000 rw-p 00010000 fc:02 1214690                    /usr/lib/x86_64-linux-gnu/libtasn1.so.3.1.12
7fffee909000-7fffee91d000 r-xp 00000000 fc:02 1212443                    /usr/lib/x86_64-linux-gnu/libroken.so.18.1.0
7fffee91d000-7fffeeb1c000 ---p 00014000 fc:02 1212443                    /usr/lib/x86_64-linux-gnu/libroken.so.18.1.0
7fffeeb1c000-7fffeeb1d000 r--p 00013000 fc:02 1212443                    /usr/lib/x86_64-linux-gnu/libroken.so.18.1.0
7fffeeb1d000-7fffeeb1e000 rw-p 00014000 fc:02 1212443                    /usr/lib/x86_64-linux-gnu/libroken.so.18.1.0
7fffeeb1e000-7fffeeb4f000 r-xp 00000000 fc:02 1212576                    /usr/lib/x86_64-linux-gnu/libhcrypto.so.4.1.0
7fffeeb4f000-7fffeed4f000 ---p 00031000 fc:02 1212576                    /usr/lib/x86_64-linux-gnu/libhcrypto.so.4.1.0
7fffeed4f000-7fffeed50000 r--p 00031000 fc:02 1212576                    /usr/lib/x86_64-linux-gnu/libhcrypto.so.4.1.0
7fffeed50000-7fffeed51000 rw-p 00032000 fc:02 1212576                    /usr/lib/x86_64-linux-gnu/libhcrypto.so.4.1.0
7fffeed51000-7fffeed52000 rw-p 00000000 00:00 0 
7fffeed52000-7fffeeded000 r-xp 00000000 fc:02 1212569                    /usr/lib/x86_64-linux-gnu/libasn1.so.8.0.0
7fffeeded000-7fffeefec000 ---p 0009b000 fc:02 1212569                    /usr/lib/x86_64-linux-gnu/libasn1.so.8.0.0
7fffeefec000-7fffeefee000 r--p 0009a000 fc:02 1212569                    /usr/lib/x86_64-linux-gnu/libasn1.so.8.0.0
7fffeefee000-7fffeeff2000 rw-p 0009c000 fc:02 1212569                    /usr/lib/x86_64-linux-gnu/libasn1.so.8.0.0
7fffeeff2000-7fffef072000 r-xp 00000000 fc:02 1212585                    /usr/lib/x86_64-linux-gnu/libkrb5.so.26.0.0
7fffef072000-7fffef272000 ---p 00080000 fc:02 1212585                    /usr/lib/x86_64-linux-gnu/libkrb5.so.26.0.0
7fffef272000-7fffef274000 r--p 00080000 fc:02 1212585                    /usr/lib/x86_64-linux-gnu/libkrb5.so.26.0.0
7fffef274000-7fffef278000 rw-p 00082000 fc:02 1212585                    /usr/lib/x86_64-linux-gnu/libkrb5.so.26.0.0
7fffef278000-7fffef27e000 r-xp 00000000 fc:02 1212587                    /usr/lib/x86_64-linux-gnu/libheimntlm.so.0.1.0
7fffef27e000-7fffef47d000 ---p 00006000 fc:02 1212587                    /usr/lib/x86_64-linux-gnu/libheimntlm.so.0.1.0
7fffef47d000-7fffef47e000 r--p 00005000 fc:02 1212587                    /usr/lib/x86_64-linux-gnu/libheimntlm.so.0.1.0
7fffef47e000-7fffef47f000 rw-p 00006000 fc:02 1212587                    /usr/lib/x86_64-linux-gnu/libheimntlm.so.0.1.0
7fffef47f000-7fffef486000 r-xp 00000000 fc:02 1213000                    /usr/lib/x86_64-linux-gnu/libkrb5support.so.0.1
7fffef486000-7fffef685000 ---p 00007000 fc:02 1213000                    /usr/lib/x86_64-linux-gnu/libkrb5support.so.0.1
7fffef685000-7fffef686000 r--p 00006000 fc:02 1213000                    /usr/lib/x86_64-linux-gnu/libkrb5support.so.0.1
7fffef686000-7fffef687000 rw-p 00007000 fc:02 1213000                    /usr/lib/x86_64-linux-gnu/libkrb5support.so.0.1
7fffef687000-7fffef68a000 r-xp 00000000 fc:02 303384                     /lib/x86_64-linux-gnu/libcom_err.so.2.1
7fffef68a000-7fffef889000 ---p 00003000 fc:02 303384                     /lib/x86_64-linux-gnu/libcom_err.so.2.1
7fffef889000-7fffef88a000 r--p 00002000 fc:02 303384                     /lib/x86_64-linux-gnu/libcom_err.so.2.1
7fffef88a000-7fffef88b000 rw-p 00003000 fc:02 303384                     /lib/x86_64-linux-gnu/libcom_err.so.2.1
7fffef88b000-7fffef8b0000 r-xp 00000000 fc:02 1213047                    /usr/lib/x86_64-linux-gnu/libk5crypto.so.3.1
7fffef8b0000-7fffefab0000 ---p 00025000 fc:02 1213047                    /usr/lib/x86_64-linux-gnu/libk5crypto.so.3.1
7fffefab0000-7fffefab1000 r--p 00025000 fc:02 1213047                    /usr/lib/x86_64-linux-gnu/libk5crypto.so.3.1
7fffefab1000-7fffefab2000 rw-p 00026000 fc:02 1213047                    /usr/lib/x86_64-linux-gnu/libk5crypto.so.3.1
7fffefab2000-7fffefab3000 rw-p 00000000 00:00 0 
7fffefab3000-7fffefb77000 r-xp 00000000 fc:02 1212998                    /usr/lib/x86_64-linux-gnu/libkrb5.so.3.3
7fffefb77000-7fffefd76000 ---p 000c4000 fc:02 1212998                    /usr/lib/x86_64-linux-gnu/libkrb5.so.3.3
7fffefd76000-7fffefd80000 r--p 000c3000 fc:02 1212998                    /usr/lib/x86_64-linux-gnu/libkrb5.so.3.3
7fffefd80000-7fffefd81000 rw-p 000cd000 fc:02 1212998                    /usr/lib/x86_64-linux-gnu/libkrb5.so.3.3
7fffefd81000-7fffefdfc000 r-xp 00000000 fc:02 901691                     /lib/x86_64-linux-gnu/libgcrypt.so.11.7.0
7fffefdfc000-7fffefffc000 ---p 0007b000 fc:02 901691                     /lib/x86_64-linux-gnu/libgcrypt.so.11.7.0
7fffefffc000-7fffefffd000 r--p 0007b000 fc:02 901691                     /lib/x86_64-linux-gnu/libgcrypt.so.11.7.0
7fffefffd000-7ffff0000000 rw-p 0007c000 fc:02 901691                     /lib/x86_64-linux-gnu/libgcrypt.so.11.7.0
7ffff0000000-7ffff00dd000 rw-p 00000000 00:00 0 
7ffff00dd000-7ffff4000000 ---p 00000000 00:00 0 
7ffff40d2000-7ffff4186000 r-xp 00000000 fc:02 1214702                    /usr/lib/x86_64-linux-gnu/libgnutls.so.26.21.8
7ffff4186000-7ffff4386000 ---p 000b4000 fc:02 1214702                    /usr/lib/x86_64-linux-gnu/libgnutls.so.26.21.8
7ffff4386000-7ffff438c000 r--p 000b4000 fc:02 1214702                    /usr/lib/x86_64-linux-gnu/libgnutls.so.26.21.8
7ffff438c000-7ffff438d000 rw-p 000ba000 fc:02 1214702                    /usr/lib/x86_64-linux-gnu/libgnutls.so.26.21.8
7ffff438d000-7ffff438e000 rw-p 00000000 00:00 0 
7ffff438e000-7ffff43c8000 r-xp 00000000 fc:02 1212589                    /usr/lib/x86_64-linux-gnu/libgssapi.so.3.0.0
7ffff43c8000-7ffff45c8000 ---p 0003a000 fc:02 1212589                    /usr/lib/x86_64-linux-gnu/libgssapi.so.3.0.0
7ffff45c8000-7ffff45c9000 r--p 0003a000 fc:02 1212589                    /usr/lib/x86_64-linux-gnu/libgssapi.so.3.0.0
7ffff45c9000-7ffff45cc000 rw-p 0003b000 fc:02 1212589                    /usr/lib/x86_64-linux-gnu/libgssapi.so.3.0.0
7ffff45cc000-7ffff45e6000 r-xp 00000000 fc:02 1122483                    /usr/lib/x86_64-linux-gnu/libsasl2.so.2.0.25
7ffff45e6000-7ffff47e5000 ---p 0001a000 fc:02 1122483                    /usr/lib/x86_64-linux-gnu/libsasl2.so.2.0.25
7ffff47e5000-7ffff47e6000 r--p 00019000 fc:02 1122483                    /usr/lib/x86_64-linux-gnu/libsasl2.so.2.0.25
7ffff47e6000-7ffff47e7000 rw-p 0001a000 fc:02 1122483                    /usr/lib/x86_64-linux-gnu/libsasl2.so.2.0.25
7ffff47e7000-7ffff47ff000 r-xp 00000000 fc:02 303985                     /lib/x86_64-linux-gnu/libresolv-2.15.so
7ffff47ff000-7ffff49ff000 ---p 00018000 fc:02 303985                     /lib/x86_64-linux-gnu/libresolv-2.15.so
7ffff49ff000-7ffff4a00000 r--p 00018000 fc:02 303985                     /lib/x86_64-linux-gnu/libresolv-2.15.so
7ffff4a00000-7ffff4a01000 rw-p 00019000 fc:02 303985                     /lib/x86_64-linux-gnu/libresolv-2.15.so
7ffff4a01000-7ffff4a03000 rw-p 00000000 00:00 0 
7ffff4a03000-7ffff4a3e000 r-xp 00000000 fc:02 1212996                    /usr/lib/x86_64-linux-gnu/libgssapi_krb5.so.2.2
7ffff4a3e000-7ffff4c3e000 ---p 0003b000 fc:02 1212996                    /usr/lib/x86_64-linux-gnu/libgssapi_krb5.so.2.2
7ffff4c3e000-7ffff4c3f000 r--p 0003b000 fc:02 1212996                    /usr/lib/x86_64-linux-gnu/libgssapi_krb5.so.2.2
7ffff4c3f000-7ffff4c41000 rw-p 0003c000 fc:02 1212996                    /usr/lib/x86_64-linux-gnu/libgssapi_krb5.so.2.2
7ffff4c41000-7ffff4c4e000 r-xp 00000000 fc:02 1213108                    /usr/lib/x86_64-linux-gnu/liblber-2.4.so.2.8.1
7ffff4c4e000-7ffff4e4d000 ---p 0000d000 fc:02 1213108                    /usr/lib/x86_64-linux-gnu/liblber-2.4.so.2.8.1
7ffff4e4d000-7ffff4e4e000 r--p 0000c000 fc:02 1213108                    /usr/lib/x86_64-linux-gnu/liblber-2.4.so.2.8.1
7ffff4e4e000-7ffff4e4f000 rw-p 0000d000 fc:02 1213108                    /usr/lib/x86_64-linux-gnu/liblber-2.4.so.2.8.1
7ffff4e4f000-7ffff4e9a000 r-xp 00000000 fc:02 1213107                    /usr/lib/x86_64-linux-gnu/libldap_r-2.4.so.2.8.1
7ffff4e9a000-7ffff5099000 ---p 0004b000 fc:02 1213107                    /usr/lib/x86_64-linux-gnu/libldap_r-2.4.so.2.8.1
7ffff5099000-7ffff509b000 r--p 0004a000 fc:02 1213107                    /usr/lib/x86_64-linux-gnu/libldap_r-2.4.so.2.8.1
7ffff509b000-7ffff509c000 rw-p 0004c000 fc:02 1213107                    /usr/lib/x86_64-linux-gnu/libldap_r-2.4.so.2.8.1
7ffff509c000-7ffff509e000 rw-p 00000000 00:00 0 
7ffff509e000-7ffff50b2000 r-xp 00000000 fc:02 303424                     /lib/x86_64-linux-gnu/libnss_ldap-2.13.so
7ffff50b2000-7ffff52b1000 ---p 00014000 fc:02 303424                     /lib/x86_64-linux-gnu/libnss_ldap-2.13.so
7ffff52b1000-7ffff52b2000 r--p 00013000 fc:02 303424                     /lib/x86_64-linux-gnu/libnss_ldap-2.13.so
7ffff52b2000-7ffff52b3000 rw-p 00014000 fc:02 303424                     /lib/x86_64-linux-gnu/libnss_ldap-2.13.so
7ffff52b3000-7ffff52be000 rw-p 00000000 00:00 0 
7ffff52be000-7ffff52d5000 r-xp 00000000 fc:02 303973                     /lib/x86_64-linux-gnu/libnsl-2.15.so
7ffff52d5000-7ffff54d4000 ---p 00017000 fc:02 303973                     /lib/x86_64-linux-gnu/libnsl-2.15.so
7ffff54d4000-7ffff54d5000 r--p 00016000 fc:02 303973                     /lib/x86_64-linux-gnu/libnsl-2.15.so
7ffff54d5000-7ffff54d6000 rw-p 00017000 fc:02 303973                     /lib/x86_64-linux-gnu/libnsl-2.15.so
7ffff54d6000-7ffff54d8000 rw-p 00000000 00:00 0 
7ffff54d8000-7ffff54e0000 r-xp 00000000 fc:02 304328                     /lib/x86_64-linux-gnu/libnss_compat-2.15.so
7ffff54e0000-7ffff56df000 ---p 00008000 fc:02 304328                     /lib/x86_64-linux-gnu/libnss_compat-2.15.so
7ffff56df000-7ffff56e0000 r--p 00007000 fc:02 304328                     /lib/x86_64-linux-gnu/libnss_compat-2.15.so
7ffff56e0000-7ffff56e1000 rw-p 00008000 fc:02 304328                     /lib/x86_64-linux-gnu/libnss_compat-2.15.so
7ffff56e1000-7ffff570e000 r-xp 00000000 fc:02 1141760                    /usr/lib/jvm/java-6-openjdk-amd64/jre/lib/amd64/libjava.so
7ffff570e000-7ffff590d000 ---p 0002d000 fc:02 1141760                    /usr/lib/jvm/java-6-openjdk-amd64/jre/lib/amd64/libjava.so
7ffff590d000-7ffff590e000 r--p 0002c000 fc:02 1141760                    /usr/lib/jvm/java-6-openjdk-amd64/jre/lib/amd64/libjava.so
7ffff590e000-7ffff5911000 rw-p 0002d000 fc:02 1141760                    /usr/lib/jvm/java-6-openjdk-amd64/jre/lib/amd64/libjava.so
7ffff5911000-7ffff591f000 r-xp 00000000 fc:02 1141759                    /usr/lib/jvm/java-6-openjdk-amd64/jre/lib/amd64/libverify.so
7ffff591f000-7ffff5b1e000 ---p 0000e000 fc:02 1141759                    /usr/lib/jvm/java-6-openjdk-amd64/jre/lib/amd64/libverify.so
7ffff5b1e000-7ffff5b20000 r--p 0000d000 fc:02 1141759                    /usr/lib/jvm/java-6-openjdk-amd64/jre/lib/amd64/libverify.so
7ffff5b20000-7ffff5b21000 rw-p 0000f000 fc:02 1141759                    /usr/lib/jvm/java-6-openjdk-amd64/jre/lib/amd64/libverify.so
7ffff5b21000-7ffff5b28000 r-xp 00000000 fc:02 304314                     /lib/x86_64-linux-gnu/librt-2.15.so
7ffff5b28000-7ffff5d27000 ---p 00007000 fc:02 304314                     /lib/x86_64-linux-gnu/librt-2.15.so
7ffff5d27000-7ffff5d28000 r--p 00006000 fc:02 304314                     /lib/x86_64-linux-gnu/librt-2.15.so
7ffff5d28000-7ffff5d29000 rw-p 00007000 fc:02 304314                     /lib/x86_64-linux-gnu/librt-2.15.so
7ffff5d29000-7ffff5d3e000 r-xp 00000000 fc:02 303267                     /lib/x86_64-linux-gnu/libgcc_s.so.1
7ffff5d3e000-7ffff5f3d000 ---p 00015000 fc:02 303267                     /lib/x86_64-linux-gnu/libgcc_s.so.1
7ffff5f3d000-7ffff5f3e000 r--p 00014000 fc:02 303267                     /lib/x86_64-linux-gnu/libgcc_s.so.1
7ffff5f3e000-7ffff5f3f000 rw-p 00015000 fc:02 303267                     /lib/x86_64-linux-gnu/libgcc_s.so.1
7ffff5f3f000-7ffff603a000 r-xp 00000000 fc:02 304322                     /lib/x86_64-linux-gnu/libm-2.15.so
7ffff603a000-7ffff6239000 ---p 000fb000 fc:02 304322                     /lib/x86_64-linux-gnu/libm-2.15.so
7ffff6239000-7ffff623a000 r--p 000fa000 fc:02 304322                     /lib/x86_64-linux-gnu/libm-2.15.so
7ffff623a000-7ffff623b000 rw-p 000fb000 fc:02 304322                     /lib/x86_64-linux-gnu/libm-2.15.so
7ffff623b000-7ffff631d000 r-xp 00000000 fc:02 1212844                    /usr/lib/x86_64-linux-gnu/libstdc++.so.6.0.16
7ffff631d000-7ffff651c000 ---p 000e2000 fc:02 1212844                    /usr/lib/x86_64-linux-gnu/libstdc++.so.6.0.16
7ffff651c000-7ffff6524000 r--p 000e1000 fc:02 1212844                    /usr/lib/x86_64-linux-gnu/libstdc++.so.6.0.16
7ffff6524000-7ffff6526000 rw-p 000e9000 fc:02 1212844                    /usr/lib/x86_64-linux-gnu/libstdc++.so.6.0.16
7ffff6526000-7ffff653b000 rw-p 00000000 00:00 0 
7ffff653b000-7ffff6f13000 r-xp 00000000 fc:02 1141764                    /usr/lib/jvm/java-6-openjdk-amd64/jre/lib/amd64/server/libjvm.so
7ffff6f13000-7ffff7112000 ---p 009d8000 fc:02 1141764                    /usr/lib/jvm/java-6-openjdk-amd64/jre/lib/amd64/server/libjvm.so
7ffff7112000-7ffff7191000 r--p 009d7000 fc:02 1141764                    /usr/lib/jvm/java-6-openjdk-amd64/jre/lib/amd64/server/libjvm.so
7ffff7191000-7ffff71b4000 rw-p 00a56000 fc:02 1141764                    /usr/lib/jvm/java-6-openjdk-amd64/jre/lib/amd64/server/libjvm.so
7ffff71b4000-7ffff71de000 rw-p 00000000 00:00 0 
7ffff71de000-7ffff71f4000 r-xp 00000000 fc:02 303367                     /lib/x86_64-linux-gnu/libz.so.1.2.3.4
7ffff71f4000-7ffff73f3000 ---p 00016000 fc:02 303367                     /lib/x86_64-linux-gnu/libz.so.1.2.3.4
7ffff73f3000-7ffff73f4000 r--p 00015000 fc:02 303367                     /lib/x86_64-linux-gnu/libz.so.1.2.3.4
7ffff73f4000-7ffff73f5000 rw-p 00016000 fc:02 303367                     /lib/x86_64-linux-gnu/libz.so.1.2.3.4
7ffff73f5000-7ffff75aa000 r-xp 00000000 fc:02 304332                     /lib/x86_64-linux-gnu/libc-2.15.so
7ffff75aa000-7ffff77a9000 ---p 001b5000 fc:02 304332                     /lib/x86_64-linux-gnu/libc-2.15.so
7ffff77a9000-7ffff77ad000 r--p 001b4000 fc:02 304332                     /lib/x86_64-linux-gnu/libc-2.15.so
7ffff77ad000-7ffff77af000 rw-p 001b8000 fc:02 304332                     /lib/x86_64-linux-gnu/libc-2.15.so
7ffff77af000-7ffff77b4000 rw-p 00000000 00:00 0 
7ffff77b4000-7ffff77b6000 r-xp 00000000 fc:02 304330                     /lib/x86_64-linux-gnu/libdl-2.15.so
7ffff77b6000-7ffff79b6000 ---p 00002000 fc:02 304330                     /lib/x86_64-linux-gnu/libdl-2.15.so
7ffff79b6000-7ffff79b7000 r--p 00002000 fc:02 304330                     /lib/x86_64-linux-gnu/libdl-2.15.so
7ffff79b7000-7ffff79b8000 rw-p 00003000 fc:02 304330                     /lib/x86_64-linux-gnu/libdl-2.15.so
7ffff79b8000-7ffff79bc000 r-xp 00000000 fc:02 1141681                    /usr/lib/jvm/java-6-openjdk-amd64/jre/lib/amd64/jli/libjli.so
7ffff79bc000-7ffff7bbb000 ---p 00004000 fc:02 1141681                    /usr/lib/jvm/java-6-openjdk-amd64/jre/lib/amd64/jli/libjli.so
7ffff7bbb000-7ffff7bbc000 r--p 00003000 fc:02 1141681                    /usr/lib/jvm/java-6-openjdk-amd64/jre/lib/amd64/jli/libjli.so
7ffff7bbc000-7ffff7bbd000 rw-p 00004000 fc:02 1141681                    /usr/lib/jvm/java-6-openjdk-amd64/jre/lib/amd64/jli/libjli.so
7ffff7bbd000-7ffff7bd5000 r-xp 00000000 fc:02 304310                     /lib/x86_64-linux-gnu/libpthread-2.15.so
7ffff7bd5000-7ffff7dd4000 ---p 00018000 fc:02 304310                     /lib/x86_64-linux-gnu/libpthread-2.15.so
7ffff7dd4000-7ffff7dd5000 r--p 00017000 fc:02 304310                     /lib/x86_64-linux-gnu/libpthread-2.15.so
7ffff7dd5000-7ffff7dd6000 rw-p 00018000 fc:02 304310                     /lib/x86_64-linux-gnu/libpthread-2.15.so
7ffff7dd6000-7ffff7dda000 rw-p 00000000 00:00 0 
7ffff7dda000-7ffff7dfc000 r-xp 00000000 fc:02 304312                     /lib/x86_64-linux-gnu/ld-2.15.so
7ffff7e1a000-7ffff7eda000 rw-p 00000000 00:00 0 
7ffff7eda000-7ffff7edd000 ---p 00000000 00:00 0 
7ffff7edd000-7ffff7fe0000 rw-p 00000000 00:00 0                          [stack:29105]
7ffff7fef000-7ffff7ff7000 rw-s 00000000 fc:04 747456145                  /tmp/hsperfdata_snam/29103
7ffff7ff7000-7ffff7ff8000 rw-p 00000000 00:00 0 
7ffff7ff8000-7ffff7ff9000 r--p 00000000 00:00 0 
7ffff7ff9000-7ffff7ffb000 rw-p 00000000 00:00 0 
7ffff7ffb000-7ffff7ffc000 r-xp 00000000 00:00 0                          [vdso]
7ffff7ffc000-7ffff7ffd000 r--p 00022000 fc:02 304312                     /lib/x86_64-linux-gnu/ld-2.15.so
7ffff7ffd000-7ffff7fff000 rw-p 00023000 fc:02 304312                     /lib/x86_64-linux-gnu/ld-2.15.so
7ffffffde000-7ffffffff000 rw-p 00000000 00:00 0                          [stack]
ffffffffff600000-ffffffffff601000 r-xp 00000000 00:00 0                  [vsyscall]

VM Arguments:
java_command: <unknown>
Launcher Type: SUN_STANDARD

Environment Variables:
PATH=/ebio/abt1_share/toolkit_support1/scala/bin:/ebio/abt1_share/toolkit_support1/code/.rbenv/bin:/ebio/abt1/snam/Downloads/idea-IC-139.1117.1/bin:/ebio/abt1/snam/Downloads/idea-IC-139.1117.1/bin:/ebio/abt1/snam/.rbenv/shims:/ebio/abt1/snam/.rbenv/bin:/ebio/abt1/snam/.rbenv/plugins/ruby-build/bin:/ebio/abt1/snam/.rbenv/shims:/ebio/abt1/snam/.rbenv/bin:/usr/local/sbin:/usr/local/bin:/usr/sbin:/usr/bin:/sbin:/bin:/usr/games:/usr/local/games:/ebio/abt1/snam/activator-1.2.10-minimal/
LD_LIBRARY_PATH=/usr/lib/jvm/java-6-openjdk-amd64/jre/lib/amd64/server:/usr/lib/jvm/java-6-openjdk-amd64/jre/lib/amd64:/usr/lib/jvm/java-6-openjdk-amd64/jre/../lib/amd64
SHELL=/bin/bash

Signal Handlers:
SIGSEGV: [libjvm.so+0x83f090], sa_mask[0]=0x7ffbfeff, sa_flags=0x10000004
SIGBUS: [libjvm.so+0x83f090], sa_mask[0]=0x7ffbfeff, sa_flags=0x10000004
SIGFPE: [libjvm.so+0x6debf0], sa_mask[0]=0x7ffbfeff, sa_flags=0x10000004
SIGPIPE: [libjvm.so+0x6debf0], sa_mask[0]=0x7ffbfeff, sa_flags=0x10000004
SIGXFSZ: [libjvm.so+0x6debf0], sa_mask[0]=0x7ffbfeff, sa_flags=0x10000004
SIGILL: [libjvm.so+0x6debf0], sa_mask[0]=0x7ffbfeff, sa_flags=0x10000004
SIGUSR1: SIG_DFL, sa_mask[0]=0x00000000, sa_flags=0x00000000
SIGUSR2: [libjvm.so+0x6df030], sa_mask[0]=0x00000000, sa_flags=0x10000004
SIGHUP: SIG_DFL, sa_mask[0]=0x00000000, sa_flags=0x00000000
SIGINT: SIG_DFL, sa_mask[0]=0x00000000, sa_flags=0x00000000
SIGTERM: SIG_DFL, sa_mask[0]=0x00000000, sa_flags=0x00000000
SIGQUIT: SIG_DFL, sa_mask[0]=0x00000000, sa_flags=0x00000000


---------------  S Y S T E M  ---------------

OS:Ubuntu 12.04 (precise)
uname:Linux 3.4.35 #37 SMP Tue Mar 12 17:26:47 MET 2013 x86_64
libc:glibc 2.15 NPTL 2.15 
rlimit: STACK 8192k, CORE 0k, NPROC 1033014, NOFILE 4096, AS 56000000k
load average:1.42 1.25 0.99

/proc/meminfo:
MemTotal:       132301236 kB
MemFree:          929044 kB
Buffers:          985792 kB
Cached:         117142960 kB
SwapCached:        76336 kB
Active:         72573464 kB
Inactive:       51674856 kB
Active(anon):   24767928 kB
Inactive(anon):  2010052 kB
Active(file):   47805536 kB
Inactive(file): 49664804 kB
Unevictable:        8708 kB
Mlocked:               0 kB
SwapTotal:      10485756 kB
SwapFree:        7250372 kB
Dirty:                 4 kB
Writeback:             0 kB
AnonPages:       6071256 kB
Mapped:           115148 kB
Shmem:          20649708 kB
Slab:            6608924 kB
SReclaimable:    6471336 kB
SUnreclaim:       137588 kB
KernelStack:        6616 kB
PageTables:       114316 kB
NFS_Unstable:          0 kB
Bounce:                0 kB
WritebackTmp:          0 kB
CommitLimit:    76636372 kB
Committed_AS:   73498828 kB
VmallocTotal:   34359738367 kB
VmallocUsed:      491284 kB
VmallocChunk:   34258548664 kB
DirectMap4k:        5888 kB
DirectMap2M:     4188160 kB
DirectMap1G:    130023424 kB


CPU:total 24 (6 cores per cpu, 1 threads per core) family 16 model 8 stepping 0, cmov, cx8, fxsr, mmx, sse, sse2, sse3, popcnt, mmxext, 3dnowpref, lzcnt, sse4a, tsc, tscinvbit, tscinv

/proc/cpuinfo:
processor	: 0
vendor_id	: AuthenticAMD
cpu family	: 16
model		: 8
model name	: Six-Core AMD Opteron(tm) Processor 8431
stepping	: 0
cpu MHz		: 2399.996
cache size	: 512 KB
physical id	: 0
siblings	: 6
core id		: 0
cpu cores	: 6
apicid		: 0
initial apicid	: 0
fpu		: yes
fpu_exception	: yes
cpuid level	: 5
wp		: yes
flags		: fpu vme de pse tsc msr pae mce cx8 apic sep mtrr pge mca cmov pat pse36 clflush mmx fxsr sse sse2 ht syscall nx mmxext fxsr_opt pdpe1gb rdtscp lm 3dnowext 3dnow constant_tsc rep_good nopl nonstop_tsc extd_apicid pni monitor cx16 popcnt lahf_lm cmp_legacy svm extapic cr8_legacy abm sse4a misalignsse 3dnowprefetch osvw ibs skinit wdt hw_pstate npt lbrv svm_lock nrip_save pausefilter
bogomips	: 4799.99
TLB size	: 1024 4K pages
clflush size	: 64
cache_alignment	: 64
address sizes	: 48 bits physical, 48 bits virtual
power management: ts ttp tm stc 100mhzsteps hwpstate

processor	: 1
vendor_id	: AuthenticAMD
cpu family	: 16
model		: 8
model name	: Six-Core AMD Opteron(tm) Processor 8431
stepping	: 0
cpu MHz		: 2399.996
cache size	: 512 KB
physical id	: 0
siblings	: 6
core id		: 1
cpu cores	: 6
apicid		: 1
initial apicid	: 1
fpu		: yes
fpu_exception	: yes
cpuid level	: 5
wp		: yes
flags		: fpu vme de pse tsc msr pae mce cx8 apic sep mtrr pge mca cmov pat pse36 clflush mmx fxsr sse sse2 ht syscall nx mmxext fxsr_opt pdpe1gb rdtscp lm 3dnowext 3dnow constant_tsc rep_good nopl nonstop_tsc extd_apicid pni monitor cx16 popcnt lahf_lm cmp_legacy svm extapic cr8_legacy abm sse4a misalignsse 3dnowprefetch osvw ibs skinit wdt hw_pstate npt lbrv svm_lock nrip_save pausefilter
bogomips	: 4799.99
TLB size	: 1024 4K pages
clflush size	: 64
cache_alignment	: 64
address sizes	: 48 bits physical, 48 bits virtual
power management: ts ttp tm stc 100mhzsteps hwpstate

processor	: 2
vendor_id	: AuthenticAMD
cpu family	: 16
model		: 8
model name	: Six-Core AMD Opteron(tm) Processor 8431
stepping	: 0
cpu MHz		: 2399.996
cache size	: 512 KB
physical id	: 0
siblings	: 6
core id		: 2
cpu cores	: 6
apicid		: 2
initial apicid	: 2
fpu		: yes
fpu_exception	: yes
cpuid level	: 5
wp		: yes
flags		: fpu vme de pse tsc msr pae mce cx8 apic sep mtrr pge mca cmov pat pse36 clflush mmx fxsr sse sse2 ht syscall nx mmxext fxsr_opt pdpe1gb rdtscp lm 3dnowext 3dnow constant_tsc rep_good nopl nonstop_tsc extd_apicid pni monitor cx16 popcnt lahf_lm cmp_legacy svm extapic cr8_legacy abm sse4a misalignsse 3dnowprefetch osvw ibs skinit wdt hw_pstate npt lbrv svm_lock nrip_save pausefilter
bogomips	: 4799.99
TLB size	: 1024 4K pages
clflush size	: 64
cache_alignment	: 64
address sizes	: 48 bits physical, 48 bits virtual
power management: ts ttp tm stc 100mhzsteps hwpstate

processor	: 3
vendor_id	: AuthenticAMD
cpu family	: 16
model		: 8
model name	: Six-Core AMD Opteron(tm) Processor 8431
stepping	: 0
cpu MHz		: 2399.996
cache size	: 512 KB
physical id	: 0
siblings	: 6
core id		: 3
cpu cores	: 6
apicid		: 3
initial apicid	: 3
fpu		: yes
fpu_exception	: yes
cpuid level	: 5
wp		: yes
flags		: fpu vme de pse tsc msr pae mce cx8 apic sep mtrr pge mca cmov pat pse36 clflush mmx fxsr sse sse2 ht syscall nx mmxext fxsr_opt pdpe1gb rdtscp lm 3dnowext 3dnow constant_tsc rep_good nopl nonstop_tsc extd_apicid pni monitor cx16 popcnt lahf_lm cmp_legacy svm extapic cr8_legacy abm sse4a misalignsse 3dnowprefetch osvw ibs skinit wdt hw_pstate npt lbrv svm_lock nrip_save pausefilter
bogomips	: 4799.99
TLB size	: 1024 4K pages
clflush size	: 64
cache_alignment	: 64
address sizes	: 48 bits physical, 48 bits virtual
power management: ts ttp tm stc 100mhzsteps hwpstate

processor	: 4
vendor_id	: AuthenticAMD
cpu family	: 16
model		: 8
model name	: Six-Core AMD Opteron(tm) Processor 8431
stepping	: 0
cpu MHz		: 2399.996
cache size	: 512 KB
physical id	: 0
siblings	: 6
core id		: 4
cpu cores	: 6
apicid		: 4
initial apicid	: 4
fpu		: yes
fpu_exception	: yes
cpuid level	: 5
wp		: yes
flags		: fpu vme de pse tsc msr pae mce cx8 apic sep mtrr pge mca cmov pat pse36 clflush mmx fxsr sse sse2 ht syscall nx mmxext fxsr_opt pdpe1gb rdtscp lm 3dnowext 3dnow constant_tsc rep_good nopl nonstop_tsc extd_apicid pni monitor cx16 popcnt lahf_lm cmp_legacy svm extapic cr8_legacy abm sse4a misalignsse 3dnowprefetch osvw ibs skinit wdt hw_pstate npt lbrv svm_lock nrip_save pausefilter
bogomips	: 4799.99
TLB size	: 1024 4K pages
clflush size	: 64
cache_alignment	: 64
address sizes	: 48 bits physical, 48 bits virtual
power management: ts ttp tm stc 100mhzsteps hwpstate

processor	: 5
vendor_id	: AuthenticAMD
cpu family	: 16
model		: 8
model name	: Six-Core AMD Opteron(tm) Processor 8431
stepping	: 0
cpu MHz		: 2399.996
cache size	: 512 KB
physical id	: 0
siblings	: 6
core id		: 5
cpu cores	: 6
apicid		: 5
initial apicid	: 5
fpu		: yes
fpu_exception	: yes
cpuid level	: 5
wp		: yes
flags		: fpu vme de pse tsc msr pae mce cx8 apic sep mtrr pge mca cmov pat pse36 clflush mmx fxsr sse sse2 ht syscall nx mmxext fxsr_opt pdpe1gb rdtscp lm 3dnowext 3dnow constant_tsc rep_good nopl nonstop_tsc extd_apicid pni monitor cx16 popcnt lahf_lm cmp_legacy svm extapic cr8_legacy abm sse4a misalignsse 3dnowprefetch osvw ibs skinit wdt hw_pstate npt lbrv svm_lock nrip_save pausefilter
bogomips	: 4799.99
TLB size	: 1024 4K pages
clflush size	: 64
cache_alignment	: 64
address sizes	: 48 bits physical, 48 bits virtual
power management: ts ttp tm stc 100mhzsteps hwpstate

processor	: 6
vendor_id	: AuthenticAMD
cpu family	: 16
model		: 8
model name	: 10/08
stepping	: 0
cpu MHz		: 2399.996
cache size	: 512 KB
physical id	: 1
siblings	: 6
core id		: 0
cpu cores	: 6
apicid		: 8
initial apicid	: 8
fpu		: yes
fpu_exception	: yes
cpuid level	: 5
wp		: yes
flags		: fpu vme de pse tsc msr pae mce cx8 apic sep mtrr pge mca cmov pat pse36 clflush mmx fxsr sse sse2 ht syscall nx mmxext fxsr_opt pdpe1gb rdtscp lm 3dnowext 3dnow constant_tsc rep_good nopl nonstop_tsc extd_apicid pni monitor cx16 popcnt lahf_lm cmp_legacy svm extapic cr8_legacy abm sse4a misalignsse 3dnowprefetch osvw ibs skinit wdt hw_pstate npt lbrv svm_lock nrip_save pausefilter
bogomips	: 4800.28
TLB size	: 1024 4K pages
clflush size	: 64
cache_alignment	: 64
address sizes	: 48 bits physical, 48 bits virtual
power management: ts ttp tm stc 100mhzsteps hwpstate

processor	: 7
vendor_id	: AuthenticAMD
cpu family	: 16
model		: 8
model name	: 10/08
stepping	: 0
cpu MHz		: 2399.996
cache size	: 512 KB
physical id	: 1
siblings	: 6
core id		: 1
cpu cores	: 6
apicid		: 9
initial apicid	: 9
fpu		: yes
fpu_exception	: yes
cpuid level	: 5
wp		: yes
flags		: fpu vme de pse tsc msr pae mce cx8 apic sep mtrr pge mca cmov pat pse36 clflush mmx fxsr sse sse2 ht syscall nx mmxext fxsr_opt pdpe1gb rdtscp lm 3dnowext 3dnow constant_tsc rep_good nopl nonstop_tsc extd_apicid pni monitor cx16 popcnt lahf_lm cmp_legacy svm extapic cr8_legacy abm sse4a misalignsse 3dnowprefetch osvw ibs skinit wdt hw_pstate npt lbrv svm_lock nrip_save pausefilter
bogomips	: 4800.28
TLB size	: 1024 4K pages
clflush size	: 64
cache_alignment	: 64
address sizes	: 48 bits physical, 48 bits virtual
power management: ts ttp tm stc 100mhzsteps hwpstate

processor	: 8
vendor_id	: AuthenticAMD
cpu family	: 16
model		: 8
model name	: 10/08
stepping	: 0
cpu MHz		: 2399.996
cache size	: 512 KB
physical id	: 1
siblings	: 6
core id		: 2
cpu cores	: 6
apicid		: 10
initial apicid	: 10
fpu		: yes
fpu_exception	: yes
cpuid level	: 5
wp		: yes
flags		: fpu vme de pse tsc msr pae mce cx8 apic sep mtrr pge mca cmov pat pse36 clflush mmx fxsr sse sse2 ht syscall nx mmxext fxsr_opt pdpe1gb rdtscp lm 3dnowext 3dnow constant_tsc rep_good nopl nonstop_tsc extd_apicid pni monitor cx16 popcnt lahf_lm cmp_legacy svm extapic cr8_legacy abm sse4a misalignsse 3dnowprefetch osvw ibs skinit wdt hw_pstate npt lbrv svm_lock nrip_save pausefilter
bogomips	: 4800.28
TLB size	: 1024 4K pages
clflush size	: 64
cache_alignment	: 64
address sizes	: 48 bits physical, 48 bits virtual
power management: ts ttp tm stc 100mhzsteps hwpstate

processor	: 9
vendor_id	: AuthenticAMD
cpu family	: 16
model		: 8
model name	: 10/08
stepping	: 0
cpu MHz		: 2399.996
cache size	: 512 KB
physical id	: 1
siblings	: 6
core id		: 3
cpu cores	: 6
apicid		: 11
initial apicid	: 11
fpu		: yes
fpu_exception	: yes
cpuid level	: 5
wp		: yes
flags		: fpu vme de pse tsc msr pae mce cx8 apic sep mtrr pge mca cmov pat pse36 clflush mmx fxsr sse sse2 ht syscall nx mmxext fxsr_opt pdpe1gb rdtscp lm 3dnowext 3dnow constant_tsc rep_good nopl nonstop_tsc extd_apicid pni monitor cx16 popcnt lahf_lm cmp_legacy svm extapic cr8_legacy abm sse4a misalignsse 3dnowprefetch osvw ibs skinit wdt hw_pstate npt lbrv svm_lock nrip_save pausefilter
bogomips	: 4800.28
TLB size	: 1024 4K pages
clflush size	: 64
cache_alignment	: 64
address sizes	: 48 bits physical, 48 bits virtual
power management: ts ttp tm stc 100mhzsteps hwpstate

processor	: 10
vendor_id	: AuthenticAMD
cpu family	: 16
model		: 8
model name	: Six-Core AMD Opteron(tm) Processor 8431
stepping	: 0
cpu MHz		: 2399.996
cache size	: 512 KB
physical id	: 1
siblings	: 6
core id		: 4
cpu cores	: 6
apicid		: 12
initial apicid	: 12
fpu		: yes
fpu_exception	: yes
cpuid level	: 5
wp		: yes
flags		: fpu vme de pse tsc msr pae mce cx8 apic sep mtrr pge mca cmov pat pse36 clflush mmx fxsr sse sse2 ht syscall nx mmxext fxsr_opt pdpe1gb rdtscp lm 3dnowext 3dnow constant_tsc rep_good nopl nonstop_tsc extd_apicid pni monitor cx16 popcnt lahf_lm cmp_legacy svm extapic cr8_legacy abm sse4a misalignsse 3dnowprefetch osvw ibs skinit wdt hw_pstate npt lbrv svm_lock nrip_save pausefilter
bogomips	: 4800.28
TLB size	: 1024 4K pages
clflush size	: 64
cache_alignment	: 64
address sizes	: 48 bits physical, 48 bits virtual
power management: ts ttp tm stc 100mhzsteps hwpstate

processor	: 11
vendor_id	: AuthenticAMD
cpu family	: 16
model		: 8
model name	: Six-Core AMD Opteron(tm) Processor 8431
stepping	: 0
cpu MHz		: 2399.996
cache size	: 512 KB
physical id	: 1
siblings	: 6
core id		: 5
cpu cores	: 6
apicid		: 13
initial apicid	: 13
fpu		: yes
fpu_exception	: yes
cpuid level	: 5
wp		: yes
flags		: fpu vme de pse tsc msr pae mce cx8 apic sep mtrr pge mca cmov pat pse36 clflush mmx fxsr sse sse2 ht syscall nx mmxext fxsr_opt pdpe1gb rdtscp lm 3dnowext 3dnow constant_tsc rep_good nopl nonstop_tsc extd_apicid pni monitor cx16 popcnt lahf_lm cmp_legacy svm extapic cr8_legacy abm sse4a misalignsse 3dnowprefetch osvw ibs skinit wdt hw_pstate npt lbrv svm_lock nrip_save pausefilter
bogomips	: 4800.28
TLB size	: 1024 4K pages
clflush size	: 64
cache_alignment	: 64
address sizes	: 48 bits physical, 48 bits virtual
power management: ts ttp tm stc 100mhzsteps hwpstate

processor	: 12
vendor_id	: AuthenticAMD
cpu family	: 16
model		: 8
model name	: Six-Core AMD Opteron(tm) Processor 8431
stepping	: 0
cpu MHz		: 2399.996
cache size	: 512 KB
physical id	: 2
siblings	: 6
core id		: 0
cpu cores	: 6
apicid		: 16
initial apicid	: 16
fpu		: yes
fpu_exception	: yes
cpuid level	: 5
wp		: yes
flags		: fpu vme de pse tsc msr pae mce cx8 apic sep mtrr pge mca cmov pat pse36 clflush mmx fxsr sse sse2 ht syscall nx mmxext fxsr_opt pdpe1gb rdtscp lm 3dnowext 3dnow constant_tsc rep_good nopl nonstop_tsc extd_apicid pni monitor cx16 popcnt lahf_lm cmp_legacy svm extapic cr8_legacy abm sse4a misalignsse 3dnowprefetch osvw ibs skinit wdt hw_pstate npt lbrv svm_lock nrip_save pausefilter
bogomips	: 4800.28
TLB size	: 1024 4K pages
clflush size	: 64
cache_alignment	: 64
address sizes	: 48 bits physical, 48 bits virtual
power management: ts ttp tm stc 100mhzsteps hwpstate

processor	: 13
vendor_id	: AuthenticAMD
cpu family	: 16
model		: 8
model name	: Six-Core AMD Opteron(tm) Processor 8431
stepping	: 0
cpu MHz		: 2399.996
cache size	: 512 KB
physical id	: 2
siblings	: 6
core id		: 1
cpu cores	: 6
apicid		: 17
initial apicid	: 17
fpu		: yes
fpu_exception	: yes
cpuid level	: 5
wp		: yes
flags		: fpu vme de pse tsc msr pae mce cx8 apic sep mtrr pge mca cmov pat pse36 clflush mmx fxsr sse sse2 ht syscall nx mmxext fxsr_opt pdpe1gb rdtscp lm 3dnowext 3dnow constant_tsc rep_good nopl nonstop_tsc extd_apicid pni monitor cx16 popcnt lahf_lm cmp_legacy svm extapic cr8_legacy abm sse4a misalignsse 3dnowprefetch osvw ibs skinit wdt hw_pstate npt lbrv svm_lock nrip_save pausefilter
bogomips	: 4800.28
TLB size	: 1024 4K pages
clflush size	: 64
cache_alignment	: 64
address sizes	: 48 bits physical, 48 bits virtual
power management: ts ttp tm stc 100mhzsteps hwpstate

processor	: 14
vendor_id	: AuthenticAMD
cpu family	: 16
model		: 8
model name	: Six-Core AMD Opteron(tm) Processor 8431
stepping	: 0
cpu MHz		: 2399.996
cache size	: 512 KB
physical id	: 2
siblings	: 6
core id		: 2
cpu cores	: 6
apicid		: 18
initial apicid	: 18
fpu		: yes
fpu_exception	: yes
cpuid level	: 5
wp		: yes
flags		: fpu vme de pse tsc msr pae mce cx8 apic sep mtrr pge mca cmov pat pse36 clflush mmx fxsr sse sse2 ht syscall nx mmxext fxsr_opt pdpe1gb rdtscp lm 3dnowext 3dnow constant_tsc rep_good nopl nonstop_tsc extd_apicid pni monitor cx16 popcnt lahf_lm cmp_legacy svm extapic cr8_legacy abm sse4a misalignsse 3dnowprefetch osvw ibs skinit wdt hw_pstate npt lbrv svm_lock nrip_save pausefilter
bogomips	: 4800.28
TLB size	: 1024 4K pages
clflush size	: 64
cache_alignment	: 64
address sizes	: 48 bits physical, 48 bits virtual
power management: ts ttp tm stc 100mhzsteps hwpstate

processor	: 15
vendor_id	: AuthenticAMD
cpu family	: 16
model		: 8
model name	: Six-Core AMD Opteron(tm) Processor 8431
stepping	: 0
cpu MHz		: 2399.996
cache size	: 512 KB
physical id	: 2
siblings	: 6
core id		: 3
cpu cores	: 6
apicid		: 19
initial apicid	: 19
fpu		: yes
fpu_exception	: yes
cpuid level	: 5
wp		: yes
flags		: fpu vme de pse tsc msr pae mce cx8 apic sep mtrr pge mca cmov pat pse36 clflush mmx fxsr sse sse2 ht syscall nx mmxext fxsr_opt pdpe1gb rdtscp lm 3dnowext 3dnow constant_tsc rep_good nopl nonstop_tsc extd_apicid pni monitor cx16 popcnt lahf_lm cmp_legacy svm extapic cr8_legacy abm sse4a misalignsse 3dnowprefetch osvw ibs skinit wdt hw_pstate npt lbrv svm_lock nrip_save pausefilter
bogomips	: 4800.28
TLB size	: 1024 4K pages
clflush size	: 64
cache_alignment	: 64
address sizes	: 48 bits physical, 48 bits virtual
power management: ts ttp tm stc 100mhzsteps hwpstate

processor	: 16
vendor_id	: AuthenticAMD
cpu family	: 16
model		: 8
model name	: Six-Core AMD Opteron(tm) Processor 8431
stepping	: 0
cpu MHz		: 2399.996
cache size	: 512 KB
physical id	: 2
siblings	: 6
core id		: 4
cpu cores	: 6
apicid		: 20
initial apicid	: 20
fpu		: yes
fpu_exception	: yes
cpuid level	: 5
wp		: yes
flags		: fpu vme de pse tsc msr pae mce cx8 apic sep mtrr pge mca cmov pat pse36 clflush mmx fxsr sse sse2 ht syscall nx mmxext fxsr_opt pdpe1gb rdtscp lm 3dnowext 3dnow constant_tsc rep_good nopl nonstop_tsc extd_apicid pni monitor cx16 popcnt lahf_lm cmp_legacy svm extapic cr8_legacy abm sse4a misalignsse 3dnowprefetch osvw ibs skinit wdt hw_pstate npt lbrv svm_lock nrip_save pausefilter
bogomips	: 4800.28
TLB size	: 1024 4K pages
clflush size	: 64
cache_alignment	: 64
address sizes	: 48 bits physical, 48 bits virtual
power management: ts ttp tm stc 100mhzsteps hwpstate

processor	: 17
vendor_id	: AuthenticAMD
cpu family	: 16
model		: 8
model name	: Six-Core AMD Opteron(tm) Processor 8431
stepping	: 0
cpu MHz		: 2399.996
cache size	: 512 KB
physical id	: 2
siblings	: 6
core id		: 5
cpu cores	: 6
apicid		: 21
initial apicid	: 21
fpu		: yes
fpu_exception	: yes
cpuid level	: 5
wp		: yes
flags		: fpu vme de pse tsc msr pae mce cx8 apic sep mtrr pge mca cmov pat pse36 clflush mmx fxsr sse sse2 ht syscall nx mmxext fxsr_opt pdpe1gb rdtscp lm 3dnowext 3dnow constant_tsc rep_good nopl nonstop_tsc extd_apicid pni monitor cx16 popcnt lahf_lm cmp_legacy svm extapic cr8_legacy abm sse4a misalignsse 3dnowprefetch osvw ibs skinit wdt hw_pstate npt lbrv svm_lock nrip_save pausefilter
bogomips	: 4800.28
TLB size	: 1024 4K pages
clflush size	: 64
cache_alignment	: 64
address sizes	: 48 bits physical, 48 bits virtual
power management: ts ttp tm stc 100mhzsteps hwpstate

processor	: 18
vendor_id	: AuthenticAMD
cpu family	: 16
model		: 8
model name	: Six-Core AMD Opteron(tm) Processor 8431
stepping	: 0
cpu MHz		: 2399.996
cache size	: 512 KB
physical id	: 3
siblings	: 6
core id		: 0
cpu cores	: 6
apicid		: 24
initial apicid	: 24
fpu		: yes
fpu_exception	: yes
cpuid level	: 5
wp		: yes
flags		: fpu vme de pse tsc msr pae mce cx8 apic sep mtrr pge mca cmov pat pse36 clflush mmx fxsr sse sse2 ht syscall nx mmxext fxsr_opt pdpe1gb rdtscp lm 3dnowext 3dnow constant_tsc rep_good nopl nonstop_tsc extd_apicid pni monitor cx16 popcnt lahf_lm cmp_legacy svm extapic cr8_legacy abm sse4a misalignsse 3dnowprefetch osvw ibs skinit wdt hw_pstate npt lbrv svm_lock nrip_save pausefilter
bogomips	: 4800.30
TLB size	: 1024 4K pages
clflush size	: 64
cache_alignment	: 64
address sizes	: 48 bits physical, 48 bits virtual
power management: ts ttp tm stc 100mhzsteps hwpstate

processor	: 19
vendor_id	: AuthenticAMD
cpu family	: 16
model		: 8
model name	: Six-Core AMD Opteron(tm) Processor 8431
stepping	: 0
cpu MHz		: 2399.996
cache size	: 512 KB
physical id	: 3
siblings	: 6
core id		: 1
cpu cores	: 6
apicid		: 25
initial apicid	: 25
fpu		: yes
fpu_exception	: yes
cpuid level	: 5
wp		: yes
flags		: fpu vme de pse tsc msr pae mce cx8 apic sep mtrr pge mca cmov pat pse36 clflush mmx fxsr sse sse2 ht syscall nx mmxext fxsr_opt pdpe1gb rdtscp lm 3dnowext 3dnow constant_tsc rep_good nopl nonstop_tsc extd_apicid pni monitor cx16 popcnt lahf_lm cmp_legacy svm extapic cr8_legacy abm sse4a misalignsse 3dnowprefetch osvw ibs skinit wdt hw_pstate npt lbrv svm_lock nrip_save pausefilter
bogomips	: 4800.30
TLB size	: 1024 4K pages
clflush size	: 64
cache_alignment	: 64
address sizes	: 48 bits physical, 48 bits virtual
power management: ts ttp tm stc 100mhzsteps hwpstate

processor	: 20
vendor_id	: AuthenticAMD
cpu family	: 16
model		: 8
model name	: Six-Core AMD Opteron(tm) Processor 8431
stepping	: 0
cpu MHz		: 2399.996
cache size	: 512 KB
physical id	: 3
siblings	: 6
core id		: 2
cpu cores	: 6
apicid		: 26
initial apicid	: 26
fpu		: yes
fpu_exception	: yes
cpuid level	: 5
wp		: yes
flags		: fpu vme de pse tsc msr pae mce cx8 apic sep mtrr pge mca cmov pat pse36 clflush mmx fxsr sse sse2 ht syscall nx mmxext fxsr_opt pdpe1gb rdtscp lm 3dnowext 3dnow constant_tsc rep_good nopl nonstop_tsc extd_apicid pni monitor cx16 popcnt lahf_lm cmp_legacy svm extapic cr8_legacy abm sse4a misalignsse 3dnowprefetch osvw ibs skinit wdt hw_pstate npt lbrv svm_lock nrip_save pausefilter
bogomips	: 4800.30
TLB size	: 1024 4K pages
clflush size	: 64
cache_alignment	: 64
address sizes	: 48 bits physical, 48 bits virtual
power management: ts ttp tm stc 100mhzsteps hwpstate

processor	: 21
vendor_id	: AuthenticAMD
cpu family	: 16
model		: 8
model name	: Six-Core AMD Opteron(tm) Processor 8431
stepping	: 0
cpu MHz		: 2399.996
cache size	: 512 KB
physical id	: 3
siblings	: 6
core id		: 3
cpu cores	: 6
apicid		: 27
initial apicid	: 27
fpu		: yes
fpu_exception	: yes
cpuid level	: 5
wp		: yes
flags		: fpu vme de pse tsc msr pae mce cx8 apic sep mtrr pge mca cmov pat pse36 clflush mmx fxsr sse sse2 ht syscall nx mmxext fxsr_opt pdpe1gb rdtscp lm 3dnowext 3dnow constant_tsc rep_good nopl nonstop_tsc extd_apicid pni monitor cx16 popcnt lahf_lm cmp_legacy svm extapic cr8_legacy abm sse4a misalignsse 3dnowprefetch osvw ibs skinit wdt hw_pstate npt lbrv svm_lock nrip_save pausefilter
bogomips	: 4800.30
TLB size	: 1024 4K pages
clflush size	: 64
cache_alignment	: 64
address sizes	: 48 bits physical, 48 bits virtual
power management: ts ttp tm stc 100mhzsteps hwpstate

processor	: 22
vendor_id	: AuthenticAMD
cpu family	: 16
model		: 8
model name	: Six-Core AMD Opteron(tm) Processor 8431
stepping	: 0
cpu MHz		: 2399.996
cache size	: 512 KB
physical id	: 3
siblings	: 6
core id		: 4
cpu cores	: 6
apicid		: 28
initial apicid	: 28
fpu		: yes
fpu_exception	: yes
cpuid level	: 5
wp		: yes
flags		: fpu vme de pse tsc msr pae mce cx8 apic sep mtrr pge mca cmov pat pse36 clflush mmx fxsr sse sse2 ht syscall nx mmxext fxsr_opt pdpe1gb rdtscp lm 3dnowext 3dnow constant_tsc rep_good nopl nonstop_tsc extd_apicid pni monitor cx16 popcnt lahf_lm cmp_legacy svm extapic cr8_legacy abm sse4a misalignsse 3dnowprefetch osvw ibs skinit wdt hw_pstate npt lbrv svm_lock nrip_save pausefilter
bogomips	: 4800.30
TLB size	: 1024 4K pages
clflush size	: 64
cache_alignment	: 64
address sizes	: 48 bits physical, 48 bits virtual
power management: ts ttp tm stc 100mhzsteps hwpstate

processor	: 23
vendor_id	: AuthenticAMD
cpu family	: 16
model		: 8
model name	: Six-Core AMD Opteron(tm) Processor 8431
stepping	: 0
cpu MHz		: 2399.996
cache size	: 512 KB
physical id	: 3
siblings	: 6
core id		: 5
cpu cores	: 6
apicid		: 29
initial apicid	: 29
fpu		: yes
fpu_exception	: yes
cpuid level	: 5
wp		: yes
flags		: fpu vme de pse tsc msr pae mce cx8 apic sep mtrr pge mca cmov pat pse36 clflush mmx fxsr sse sse2 ht syscall nx mmxext fxsr_opt pdpe1gb rdtscp lm 3dnowext 3dnow constant_tsc rep_good nopl nonstop_tsc extd_apicid pni monitor cx16 popcnt lahf_lm cmp_legacy svm extapic cr8_legacy abm sse4a misalignsse 3dnowprefetch osvw ibs skinit wdt hw_pstate npt lbrv svm_lock nrip_save pausefilter
bogomips	: 4800.30
TLB size	: 1024 4K pages
clflush size	: 64
cache_alignment	: 64
address sizes	: 48 bits physical, 48 bits virtual
power management: ts ttp tm stc 100mhzsteps hwpstate



Memory: 4k page, physical 132301236k(929044k free), swap 10485756k(7250372k free)

vm_info: OpenJDK 64-Bit Server VM (23.25-b01) for linux-amd64 JRE (1.6.0_34-b34), built on Jan 26 2015 23:04:36 by "buildd" with gcc 4.6.3

time: Mon Feb 16 15:02:54 2015
elapsed time: 0 seconds

